#
# A fatal error has been detected by the Java Runtime Environment:
#
#  EXCEPTION_ACCESS_VIOLATION (0xc0000005) at pc=0x6218d80f, pid=6920, tid=10084
#
# JRE version: 6.0_37-b06
# Java VM: Java HotSpot(TM) Server VM (20.12-b01 mixed mode windows-x86 )
# Problematic frame:
# C  [nvoglv32.DLL+0xdd80f]
#
# If you would like to submit a bug report, please visit:
#   http://java.sun.com/webapps/bugreport/crash.jsp
# The crash happened outside the Java Virtual Machine in native code.
# See problematic frame for where to report the bug.
#

---------------  T H R E A D  ---------------

Current thread (0x0def7c00):  JavaThread "AWT-EventQueue-1" [_thread_in_native, id=10084, stack(0x57550000,0x57750000)]

siginfo: ExceptionCode=0xc0000005, writing address 0x008f00bc

Registers:
EAX=0x00008079, EBX=0x128ba3d0, ECX=0x00000000, EDX=0x00002a24
ESP=0x5774ecdc, EBP=0x5774ece0, ESI=0x008e5fc0, EDI=0x00000018
EIP=0x6218d80f, EFLAGS=0x00010246

Top of Stack: (sp=0x5774ecdc)
0x5774ecdc:   627de050 5774ecf8 624de8bb 00008079
0x5774ecec:   0def7c00 128ba3d0 128ba3d0 5774ed0c
0x5774ecfc:   624da282 00002a24 00000000 56dfc004
0x5774ed0c:   5774ed20 62175914 00002a24 00000000
0x5774ed1c:   56dfc004 5774ed38 55e27ccc 00002a24
0x5774ed2c:   00000000 56dfc004 56dfc004 5774ed80
0x5774ed3c:   025ba564 0def7d28 5774eda0 00002a24
0x5774ed4c:   00000000 5774ed94 00000000 134d4538 

Instructions: (pc=0x6218d80f)
0x6218d7ef:   a0 00 00 ff 5e 5d c2 04 00 cc cc cc cc cc cc cc
0x6218d7ff:   cc 55 8b ec 56 64 a1 f0 0b 00 00 8b f0 8b 45 08
0x6218d80f:   83 86 fc a0 00 00 01 50 e8 94 11 26 00 83 86 fc
0x6218d81f:   a0 00 00 ff 5e 5d c2 04 00 cc cc cc cc cc cc cc 


Register to memory mapping:

EAX=0x00008079 is an unknown value
EBX=0x128ba3d0 is an oop
{method} 
 - klass: {other class}
ECX=0x00000000 is an unknown value
EDX=0x00002a24 is an unknown value
ESP=0x5774ecdc is pointing into the stack for thread: 0x0def7c00
EBP=0x5774ece0 is pointing into the stack for thread: 0x0def7c00
ESI=0x008e5fc0 is an unknown value
EDI=0x00000018 is an unknown value


Stack: [0x57550000,0x57750000],  sp=0x5774ecdc,  free space=2043k
Native frames: (J=compiled Java code, j=interpreted, Vv=VM code, C=native code)
C  [nvoglv32.DLL+0xdd80f]
C  [nvoglv32.DLL+0x42e8bb]
C  [nvoglv32.DLL+0x42a282]
C  [nvoglv32.DLL+0xc5914]
C  [jogl.dll+0x7ccc]  Java_com_sun_opengl_impl_GLImpl_glInterleavedArrays0__IILjava_lang_Object_2I+0x3c
j  com.sun.opengl.impl.GLImpl.glInterleavedArrays0(IILjava/lang/Object;I)V+0
j  com.sun.opengl.impl.GLImpl.glInterleavedArrays(IILjava/nio/Buffer;)V+28
j  gov.nasa.worldwind.layers.StarsLayer.doRender(Lgov/nasa/worldwind/render/DrawContext;)V+321
j  gov.nasa.worldwind.layers.AbstractLayer.render(Lgov/nasa/worldwind/render/DrawContext;)V+119
j  gov.nasa.worldwind.AbstractSceneController.draw(Lgov/nasa/worldwind/render/DrawContext;)V+51
j  gov.nasa.worldwind.AnaglyphSceneController.doRepaint(Lgov/nasa/worldwind/render/DrawContext;)V+103
j  gov.nasa.worldwind.AbstractSceneController.repaint()I+49
j  gov.nasa.worldwind.WorldWindowGLAutoDrawable.doDisplay()I+4
j  gov.nasa.worldwind.WorldWindowGLAutoDrawable.display(Ljavax/media/opengl/GLAutoDrawable;)V+111
j  com.sun.opengl.impl.GLDrawableHelper.display(Ljavax/media/opengl/GLAutoDrawable;)V+29
j  javax.media.opengl.GLCanvas$DisplayAction.run()V+80
j  com.sun.opengl.impl.GLDrawableHelper.invokeGL(Ljavax/media/opengl/GLDrawable;Ljavax/media/opengl/GLContext;Ljava/lang/Runnable;Ljava/lang/Runnable;)V+418
j  javax.media.opengl.GLCanvas.maybeDoSingleThreadedWorkaround(Ljava/lang/Runnable;Ljava/lang/Runnable;)V+36
j  javax.media.opengl.GLCanvas.display()V+9
j  javax.media.opengl.GLCanvas.paint(Ljava/awt/Graphics;)V+125
j  sun.awt.RepaintArea.paintComponent(Ljava/awt/Component;Ljava/awt/Graphics;)V+6
j  sun.awt.RepaintArea.paint(Ljava/lang/Object;Z)V+326
j  sun.awt.windows.WComponentPeer.handleEvent(Ljava/awt/AWTEvent;)V+107
j  java.awt.Component.dispatchEventImpl(Ljava/awt/AWTEvent;)V+861
j  java.awt.Component.dispatchEvent(Ljava/awt/AWTEvent;)V+2
j  java.awt.EventQueue.dispatchEventImpl(Ljava/awt/AWTEvent;Ljava/lang/Object;)V+41
j  java.awt.EventQueue.access$400(Ljava/awt/EventQueue;Ljava/awt/AWTEvent;Ljava/lang/Object;)V+3
j  java.awt.EventQueue$2.run()Ljava/lang/Void;+12
j  java.awt.EventQueue$2.run()Ljava/lang/Object;+1
v  ~StubRoutines::call_stub
V  [jvm.dll+0x10eccd]
V  [jvm.dll+0x1a6611]
V  [jvm.dll+0x10ed5d]
V  [jvm.dll+0xc70a4]
C  [java.dll+0x102f]  Java_java_security_AccessController_doPrivileged__Ljava_security_PrivilegedAction_2Ljava_security_AccessControlContext_2+0x17
j  java.security.AccessControlContext$1.doIntersectionPrivilege(Ljava/security/PrivilegedAction;Ljava/security/AccessControlContext;Ljava/security/AccessControlContext;)Ljava/lang/Object;+28
j  java.security.AccessControlContext$1.doIntersectionPrivilege(Ljava/security/PrivilegedAction;Ljava/security/AccessControlContext;)Ljava/lang/Object;+6
j  java.awt.EventQueue$3.run()Ljava/lang/Void;+11
j  java.awt.EventQueue$3.run()Ljava/lang/Object;+1
v  ~StubRoutines::call_stub
V  [jvm.dll+0x10eccd]
V  [jvm.dll+0x1a6611]
V  [jvm.dll+0x10ed5d]
V  [jvm.dll+0xc70a4]
C  [java.dll+0x102f]  Java_java_security_AccessController_doPrivileged__Ljava_security_PrivilegedAction_2Ljava_security_AccessControlContext_2+0x17
j  java.security.AccessControlContext$1.doIntersectionPrivilege(Ljava/security/PrivilegedAction;Ljava/security/AccessControlContext;Ljava/security/AccessControlContext;)Ljava/lang/Object;+28
j  java.awt.EventQueue.dispatchEvent(Ljava/awt/AWTEvent;)V+73
j  org.netbeans.core.TimableEventQueue.dispatchEvent(Ljava/awt/AWTEvent;)V+14
j  java.awt.EventDispatchThread.pumpOneEventForFilters(I)Z+204
j  java.awt.EventDispatchThread.pumpEventsForFilter(ILjava/awt/Conditional;Ljava/awt/EventFilter;)V+30
j  java.awt.EventDispatchThread.pumpEventsForHierarchy(ILjava/awt/Conditional;Ljava/awt/Component;)V+11
j  java.awt.EventDispatchThread.pumpEvents(ILjava/awt/Conditional;)V+4
j  java.awt.EventDispatchThread.pumpEvents(Ljava/awt/Conditional;)V+3
j  java.awt.EventDispatchThread.run()V+9
v  ~StubRoutines::call_stub
V  [jvm.dll+0x10eccd]
V  [jvm.dll+0x1a6611]
V  [jvm.dll+0x10ee81]
V  [jvm.dll+0x10eedb]
V  [jvm.dll+0xc0fb9]
V  [jvm.dll+0x12e654]
V  [jvm.dll+0x156e8c]
C  [MSVCR71.dll+0x9565]  endthreadex+0xa0
C  [kernel32.dll+0x133aa]  BaseThreadInitThunk+0x12
C  [ntdll.dll+0x39ef2]  RtlInitializeExceptionChain+0x63
C  [ntdll.dll+0x39ec5]  RtlInitializeExceptionChain+0x36

Java frames: (J=compiled Java code, j=interpreted, Vv=VM code)
j  com.sun.opengl.impl.GLImpl.glInterleavedArrays0(IILjava/lang/Object;I)V+0
j  com.sun.opengl.impl.GLImpl.glInterleavedArrays(IILjava/nio/Buffer;)V+28
j  gov.nasa.worldwind.layers.StarsLayer.doRender(Lgov/nasa/worldwind/render/DrawContext;)V+321
j  gov.nasa.worldwind.layers.AbstractLayer.render(Lgov/nasa/worldwind/render/DrawContext;)V+119
j  gov.nasa.worldwind.AbstractSceneController.draw(Lgov/nasa/worldwind/render/DrawContext;)V+51
j  gov.nasa.worldwind.AnaglyphSceneController.doRepaint(Lgov/nasa/worldwind/render/DrawContext;)V+103
j  gov.nasa.worldwind.AbstractSceneController.repaint()I+49
j  gov.nasa.worldwind.WorldWindowGLAutoDrawable.doDisplay()I+4
j  gov.nasa.worldwind.WorldWindowGLAutoDrawable.display(Ljavax/media/opengl/GLAutoDrawable;)V+111
j  com.sun.opengl.impl.GLDrawableHelper.display(Ljavax/media/opengl/GLAutoDrawable;)V+29
j  javax.media.opengl.GLCanvas$DisplayAction.run()V+80
j  com.sun.opengl.impl.GLDrawableHelper.invokeGL(Ljavax/media/opengl/GLDrawable;Ljavax/media/opengl/GLContext;Ljava/lang/Runnable;Ljava/lang/Runnable;)V+418
j  javax.media.opengl.GLCanvas.maybeDoSingleThreadedWorkaround(Ljava/lang/Runnable;Ljava/lang/Runnable;)V+36
j  javax.media.opengl.GLCanvas.display()V+9
j  javax.media.opengl.GLCanvas.paint(Ljava/awt/Graphics;)V+125
j  sun.awt.RepaintArea.paintComponent(Ljava/awt/Component;Ljava/awt/Graphics;)V+6
j  sun.awt.RepaintArea.paint(Ljava/lang/Object;Z)V+326
j  sun.awt.windows.WComponentPeer.handleEvent(Ljava/awt/AWTEvent;)V+107
j  java.awt.Component.dispatchEventImpl(Ljava/awt/AWTEvent;)V+861
j  java.awt.Component.dispatchEvent(Ljava/awt/AWTEvent;)V+2
j  java.awt.EventQueue.dispatchEventImpl(Ljava/awt/AWTEvent;Ljava/lang/Object;)V+41
j  java.awt.EventQueue.access$400(Ljava/awt/EventQueue;Ljava/awt/AWTEvent;Ljava/lang/Object;)V+3
j  java.awt.EventQueue$2.run()Ljava/lang/Void;+12
j  java.awt.EventQueue$2.run()Ljava/lang/Object;+1
v  ~StubRoutines::call_stub
j  java.security.AccessController.doPrivileged(Ljava/security/PrivilegedAction;Ljava/security/AccessControlContext;)Ljava/lang/Object;+0
j  java.security.AccessControlContext$1.doIntersectionPrivilege(Ljava/security/PrivilegedAction;Ljava/security/AccessControlContext;Ljava/security/AccessControlContext;)Ljava/lang/Object;+28
j  java.security.AccessControlContext$1.doIntersectionPrivilege(Ljava/security/PrivilegedAction;Ljava/security/AccessControlContext;)Ljava/lang/Object;+6
j  java.awt.EventQueue$3.run()Ljava/lang/Void;+11
j  java.awt.EventQueue$3.run()Ljava/lang/Object;+1
v  ~StubRoutines::call_stub
j  java.security.AccessController.doPrivileged(Ljava/security/PrivilegedAction;Ljava/security/AccessControlContext;)Ljava/lang/Object;+0
j  java.security.AccessControlContext$1.doIntersectionPrivilege(Ljava/security/PrivilegedAction;Ljava/security/AccessControlContext;Ljava/security/AccessControlContext;)Ljava/lang/Object;+28
j  java.awt.EventQueue.dispatchEvent(Ljava/awt/AWTEvent;)V+73
j  org.netbeans.core.TimableEventQueue.dispatchEvent(Ljava/awt/AWTEvent;)V+14
j  java.awt.EventDispatchThread.pumpOneEventForFilters(I)Z+204
j  java.awt.EventDispatchThread.pumpEventsForFilter(ILjava/awt/Conditional;Ljava/awt/EventFilter;)V+30
j  java.awt.EventDispatchThread.pumpEventsForHierarchy(ILjava/awt/Conditional;Ljava/awt/Component;)V+11
j  java.awt.EventDispatchThread.pumpEvents(ILjava/awt/Conditional;)V+4
j  java.awt.EventDispatchThread.pumpEvents(Ljava/awt/Conditional;)V+3
j  java.awt.EventDispatchThread.run()V+9
v  ~StubRoutines::call_stub

---------------  P R O C E S S  ---------------

Java Threads: ( => current thread )
  0x069fa800 JavaThread "Idle World Wind Task " daemon [_thread_blocked, id=5428, stack(0x648e0000,0x64ae0000)]
  0x069fa400 JavaThread "Idle World Wind Task " daemon [_thread_blocked, id=3148, stack(0x646e0000,0x648e0000)]
  0x0def9c00 JavaThread "Idle World Wind Task " daemon [_thread_blocked, id=10684, stack(0x64420000,0x64620000)]
  0x0defa400 JavaThread "Idle World Wind Task " daemon [_thread_blocked, id=804, stack(0x64220000,0x64420000)]
  0x069f9c00 JavaThread "pool-2-thread-6" [_thread_blocked, id=11216, stack(0x5e8f0000,0x5eaf0000)]
  0x56eb2000 JavaThread "pool-2-thread-5" [_thread_blocked, id=8588, stack(0x5e6f0000,0x5e8f0000)]
  0x56eb1c00 JavaThread "pool-2-thread-4" [_thread_blocked, id=9772, stack(0x5e4f0000,0x5e6f0000)]
  0x56eb1400 JavaThread "pool-2-thread-3" [_thread_blocked, id=5160, stack(0x5e120000,0x5e320000)]
  0x56eb0c00 JavaThread "pool-2-thread-2" [_thread_blocked, id=2516, stack(0x5dee0000,0x5e0e0000)]
  0x0e1e2c00 JavaThread "ElevationModel Resource Retriever Earth Elevation Model (USA 10m, WordWide 30m, Ocean 900m)" daemon [_thread_blocked, id=1856, stack(0x5da60000,0x5dc60000)]
  0x0e1e2800 JavaThread "Layer Resource Retriever i-cubed Landsat" daemon [_thread_blocked, id=11176, stack(0x5d6f0000,0x5d8f0000)]
  0x0e1e2000 JavaThread "Idle World Wind Retriever" daemon [_thread_blocked, id=5552, stack(0x5d4f0000,0x5d6f0000)]
  0x0e1e1c00 JavaThread "Layer Resource Retriever Blue Marble (WMS) 2004" daemon [_thread_blocked, id=5772, stack(0x5d1b0000,0x5d3b0000)]
  0x0e1e1400 JavaThread "Idle World Wind Retriever" daemon [_thread_blocked, id=6964, stack(0x5cd30000,0x5cf30000)]
  0x5656d000 JavaThread "ElevationModel Resource Retriever Earth Elevation Model (USA 10m, WordWide 30m, Ocean 900m)" daemon [_thread_blocked, id=2684, stack(0x5caf0000,0x5ccf0000)]
  0x5656c800 JavaThread "Dispatcher-Channel-0" daemon [_thread_blocked, id=9124, stack(0x5b680000,0x5b880000)]
  0x5656c400 JavaThread "ack-flusher" daemon [_thread_blocked, id=10428, stack(0x5b480000,0x5b680000)]
  0x5656bc00 JavaThread "IoReceiver - scout2.mitre.org/129.83.184.1:5672" daemon [_thread_in_native, id=9940, stack(0x5b280000,0x5b480000)]
  0x5656b800 JavaThread "IoSender - scout2.mitre.org/129.83.184.1:5672" daemon [_thread_blocked, id=5564, stack(0x5b080000,0x5b280000)]
  0x0def9800 JavaThread "Flushing caches" [_thread_in_native, id=9028, stack(0x57b50000,0x57d50000)]
  0x0def9000 JavaThread "Inactive RequestProcessor thread [Was:TimedSoftReference/org.openide.util.TimedSoftReference]" daemon [_thread_blocked, id=6896, stack(0x57950000,0x57b50000)]
  0x0def8c00 JavaThread "Default RequestProcessor" daemon [_thread_blocked, id=1220, stack(0x57750000,0x57950000)]
  0x0def8400 JavaThread "TimerQueue" daemon [_thread_blocked, id=2624, stack(0x0bfa0000,0x0c1a0000)]
=>0x0def7c00 JavaThread "AWT-EventQueue-1" [_thread_in_native, id=10084, stack(0x57550000,0x57750000)]
  0x0def7800 JavaThread "Thread-5" daemon [_thread_blocked, id=5328, stack(0x57350000,0x57550000)]
  0x0def7000 JavaThread "pool-2-thread-1" [_thread_blocked, id=7728, stack(0x57150000,0x57350000)]
  0x0def6c00 JavaThread "Swing-Shell" daemon [_thread_blocked, id=2316, stack(0x0f7d0000,0x0f9d0000)]
  0x08763800 JavaThread "D3D Screen Updater" daemon [_thread_blocked, id=10580, stack(0x0e240000,0x0e440000)]
  0x086eac00 JavaThread "AWT-Windows" daemon [_thread_in_native, id=7552, stack(0x09980000,0x09b80000)]
  0x086ea400 JavaThread "AWT-Shutdown" [_thread_blocked, id=7528, stack(0x09780000,0x09980000)]
  0x06adb800 JavaThread "Java2D Disposer" daemon [_thread_blocked, id=11020, stack(0x09580000,0x09780000)]
  0x06a14000 JavaThread "Inactive RequestProcessor thread [Was:Default RequestProcessor/org.netbeans.modules.autoupdate.ui.actions.AutoupdateCheckScheduler$7]" daemon [_thread_blocked, id=5456, stack(0x07f70000,0x08170000)]
  0x06a80c00 JavaThread "CLI Requests Server" daemon [_thread_in_native, id=9168, stack(0x07d70000,0x07f70000)]
  0x069fe000 JavaThread "Active Reference Queue Daemon" daemon [_thread_blocked, id=9148, stack(0x07670000,0x07870000)]
  0x069fd800 JavaThread "Timer-0" daemon [_thread_blocked, id=8016, stack(0x07430000,0x07630000)]
  0x068f7400 JavaThread "Low Memory Detector" daemon [_thread_blocked, id=9264, stack(0x06fb0000,0x071b0000)]
  0x068f1c00 JavaThread "C2 CompilerThread1" daemon [_thread_blocked, id=9404, stack(0x06d70000,0x06f70000)]
  0x01de5000 JavaThread "C2 CompilerThread0" daemon [_thread_in_native, id=6860, stack(0x06b30000,0x06d30000)]
  0x01de4000 JavaThread "Attach Listener" daemon [_thread_blocked, id=888, stack(0x066f0000,0x068f0000)]
  0x01de3000 JavaThread "Signal Dispatcher" daemon [_thread_blocked, id=8644, stack(0x064b0000,0x066b0000)]
  0x01db6c00 JavaThread "Finalizer" daemon [_thread_blocked, id=8356, stack(0x06270000,0x06470000)]
  0x01db0800 JavaThread "Reference Handler" daemon [_thread_blocked, id=7340, stack(0x06030000,0x06230000)]
  0x01eea400 JavaThread "main" [_thread_blocked, id=7792, stack(0x00090000,0x00290000)]

Other Threads:
  0x01dacc00 VMThread [stack: 0x05df0000,0x05ff0000] [id=8504]
  0x068ffc00 WatcherThread [stack: 0x071f0000,0x073f0000] [id=10172]

VM state:not at safepoint (normal execution)

VM Mutex/Monitor currently owned by a thread: None

Heap
 PSYoungGen      total 278976K, used 17119K [0x3e9b0000, 0x53e50000, 0x53e50000)
  eden space 257472K, 6% used [0x3e9b0000,0x3fa67c68,0x4e520000)
  from space 21504K, 0% used [0x4e520000,0x4e520000,0x4fa20000)
  to   space 30080K, 0% used [0x520f0000,0x520f0000,0x53e50000)
 PSOldGen        total 76480K, used 43583K [0x14050000, 0x18b00000, 0x3e9b0000)
  object space 76480K, 56% used [0x14050000,0x16adfff8,0x18b00000)
 PSPermGen       total 53888K, used 53783K [0x10050000, 0x134f0000, 0x14050000)
  object space 53888K, 99% used [0x10050000,0x134d5de8,0x134f0000)

Code Cache  [0x025b0000, 0x027f0000, 0x055b0000)
 total_blobs=1028 nmethods=624 adapters=357 free_code_cache=48336448 largest_free_block=9216

Dynamic libraries:
0x00400000 - 0x00427000 	C:\Program Files (x86)\AgileClient\platform\lib\nbexec.exe
0x771b0000 - 0x77330000 	C:\Windows\SysWOW64\ntdll.dll
0x76100000 - 0x76210000 	C:\Windows\syswow64\kernel32.dll
0x76c10000 - 0x76c57000 	C:\Windows\syswow64\KERNELBASE.dll
0x75020000 - 0x750cc000 	C:\Windows\syswow64\msvcrt.dll
0x76210000 - 0x762b0000 	C:\Windows\syswow64\ADVAPI32.DLL
0x74d70000 - 0x74d89000 	C:\Windows\SysWOW64\sechost.dll
0x76cc0000 - 0x76db0000 	C:\Windows\syswow64\RPCRT4.dll
0x74d10000 - 0x74d70000 	C:\Windows\syswow64\SspiCli.dll
0x74d00000 - 0x74d0c000 	C:\Windows\syswow64\CRYPTBASE.dll
0x750e0000 - 0x751e0000 	C:\Windows\syswow64\USER32.dll
0x76470000 - 0x76500000 	C:\Windows\syswow64\GDI32.dll
0x76770000 - 0x7677a000 	C:\Windows\syswow64\LPK.dll
0x74ef0000 - 0x74f8d000 	C:\Windows\syswow64\USP10.dll
0x76c60000 - 0x76cc0000 	C:\Windows\system32\IMM32.DLL
0x751e0000 - 0x752ac000 	C:\Windows\syswow64\MSCTF.dll
0x10000000 - 0x10042000 	C:\Program Files (x86)\AgileClient\platform\lib\nbexec.dll
0x73cb0000 - 0x73cfc000 	C:\Windows\system32\apphelp.dll
0x6db90000 - 0x6dfe9000 	C:\Program Files (x86)\Java\jdk1.6.0_37\jre\bin\server\jvm.dll
0x6e180000 - 0x6e1b2000 	C:\Windows\system32\WINMM.dll
0x7c340000 - 0x7c396000 	C:\Program Files (x86)\Java\jdk1.6.0_37\jre\bin\MSVCR71.dll
0x6d870000 - 0x6d87c000 	C:\Program Files (x86)\Java\jdk1.6.0_37\jre\bin\verify.dll
0x6d3d0000 - 0x6d3ef000 	C:\Program Files (x86)\Java\jdk1.6.0_37\jre\bin\java.dll
0x6d8b0000 - 0x6d8bf000 	C:\Program Files (x86)\Java\jdk1.6.0_37\jre\bin\zip.dll
0x6d6b0000 - 0x6d6c3000 	C:\Program Files (x86)\Java\jdk1.6.0_37\jre\bin\net.dll
0x74d90000 - 0x74dc5000 	C:\Windows\syswow64\WS2_32.dll
0x76500000 - 0x76506000 	C:\Windows\syswow64\NSI.dll
0x73ae0000 - 0x73b1c000 	C:\Windows\system32\mswsock.dll
0x73b30000 - 0x73b36000 	C:\Windows\System32\wship6.dll
0x740d0000 - 0x740ec000 	C:\Windows\system32\iphlpapi.dll
0x74050000 - 0x74057000 	C:\Windows\system32\WINNSI.DLL
0x732e0000 - 0x732ed000 	C:\Windows\system32\dhcpcsvc6.DLL
0x732c0000 - 0x732d2000 	C:\Windows\system32\dhcpcsvc.DLL
0x73c00000 - 0x73c05000 	C:\Windows\System32\wshtcpip.dll
0x73eb0000 - 0x73ec6000 	C:\Windows\system32\CRYPTSP.dll
0x73df0000 - 0x73e2b000 	C:\Windows\system32\rsaenh.dll
0x73d50000 - 0x73d67000 	C:\Windows\system32\USERENV.dll
0x73ea0000 - 0x73eab000 	C:\Windows\system32\profapi.dll
0x716b0000 - 0x716c0000 	C:\Windows\system32\NLAapi.dll
0x716a0000 - 0x716b0000 	C:\Windows\system32\napinsp.dll
0x71680000 - 0x71692000 	C:\Windows\system32\pnrpnsp.dll
0x73b70000 - 0x73bb4000 	C:\Windows\system32\DNSAPI.dll
0x71670000 - 0x71678000 	C:\Windows\System32\winrnr.dll
0x71640000 - 0x71667000 	C:\Program Files (x86)\Common Files\Microsoft Shared\Windows Live\WLIDNSP.DLL
0x75010000 - 0x75015000 	C:\Windows\syswow64\PSAPI.DLL
0x76bb0000 - 0x76c07000 	C:\Windows\syswow64\SHLWAPI.dll
0x70e80000 - 0x70e86000 	C:\Windows\system32\rasadhlp.dll
0x73770000 - 0x737a8000 	C:\Windows\System32\fwpuclnt.dll
0x6d0b0000 - 0x6d1fc000 	C:\Program Files (x86)\Java\jdk1.6.0_37\jre\bin\awt.dll
0x729f0000 - 0x72a41000 	C:\Windows\system32\WINSPOOL.DRV
0x76590000 - 0x766ec000 	C:\Windows\syswow64\ole32.dll
0x73560000 - 0x735e4000 	C:\Windows\WinSxS\x86_microsoft.windows.common-controls_6595b64144ccf1df_5.82.7601.17514_none_ec83dffa859149af\COMCTL32.dll
0x6a3d0000 - 0x6a3e3000 	C:\Windows\system32\DWMAPI.DLL
0x6a3f0000 - 0x6a470000 	C:\Windows\system32\uxtheme.dll
0x6d2e0000 - 0x6d32f000 	C:\Program Files (x86)\Java\jdk1.6.0_37\jre\bin\fontmanager.dll
0x6c870000 - 0x6ca33000 	C:\Windows\system32\d3d9.dll
0x73e60000 - 0x73e69000 	C:\Windows\system32\VERSION.dll
0x6c860000 - 0x6c866000 	C:\Windows\system32\d3d8thk.dll
0x61930000 - 0x620ac000 	C:\Windows\system32\nvd3dum.dll
0x74510000 - 0x74535000 	C:\Windows\system32\powrprof.dll
0x76780000 - 0x7691d000 	C:\Windows\syswow64\SETUPAPI.dll
0x76560000 - 0x76587000 	C:\Windows\syswow64\CFGMGR32.dll
0x763e0000 - 0x7646f000 	C:\Windows\syswow64\OLEAUT32.dll
0x74ff0000 - 0x75002000 	C:\Windows\syswow64\DEVOBJ.dll
0x6d6d0000 - 0x6d6d9000 	C:\Program Files (x86)\Java\jdk1.6.0_37\jre\bin\nio.dll
0x752b0000 - 0x75efa000 	C:\Windows\system32\shell32.dll
0x737b0000 - 0x7394e000 	C:\Windows\WinSxS\x86_microsoft.windows.common-controls_6595b64144ccf1df_6.0.7601.17514_none_41e6975e2bd6f2b2\comctl32.dll
0x74dd0000 - 0x74e53000 	C:\Windows\syswow64\CLBCatQ.DLL
0x6c3b0000 - 0x6c4a5000 	C:\Windows\system32\propsys.dll
0x73e30000 - 0x73e51000 	C:\Windows\system32\ntmarta.dll
0x76510000 - 0x76555000 	C:\Windows\syswow64\WLDAP32.dll
0x0fe10000 - 0x0ffa8000 	C:\Windows\system32\NetworkExplorer.dll
0x0ffb0000 - 0x0ffde000 	C:\Windows\System32\shdocvw.dll
0x5f440000 - 0x5f44a000 	C:\Windows\system32\slc.dll
0x62b50000 - 0x62c4b000 	C:\Windows\system32\WindowsCodecs.dll
0x5f460000 - 0x5f472000 	C:\Program Files (x86)\Common Files\TortoiseOverlays\TortoiseOverlays.dll
0x646d0000 - 0x646dd000 	C:\Program Files\TortoiseSVN\bin\TortoiseStub32.dll
0x5f1f0000 - 0x5f25b000 	C:\Program Files\TortoiseSVN\bin\TortoiseSVN32.dll
0x762e0000 - 0x763d5000 	C:\Windows\syswow64\WININET.dll
0x76950000 - 0x76a87000 	C:\Windows\syswow64\urlmon.dll
0x76a90000 - 0x76bad000 	C:\Windows\syswow64\CRYPT32.dll
0x750d0000 - 0x750dc000 	C:\Windows\syswow64\MSASN1.dll
0x75f00000 - 0x760fe000 	C:\Windows\syswow64\iertutil.dll
0x54bd0000 - 0x54ec0000 	C:\Program Files\TortoiseSVN\bin\libsvn_tsvn32.dll
0x5f3b0000 - 0x5f3d4000 	C:\Program Files\TortoiseSVN\bin\libapr_tsvn32.dll
0x55100000 - 0x551bf000 	C:\Windows\system32\MSVCR100.dll
0x5f320000 - 0x5f356000 	C:\Program Files\TortoiseSVN\bin\libaprutil_tsvn32.dll
0x5f450000 - 0x5f45d000 	C:\Program Files\TortoiseSVN\bin\intl3_tsvn32.dll
0x5e4d0000 - 0x5e4e3000 	C:\Program Files\TortoiseSVN\bin\libsasl32.dll
0x73e90000 - 0x73e98000 	C:\Windows\system32\Secur32.dll
0x55090000 - 0x550f9000 	C:\Windows\system32\MSVCP100.dll
0x57e30000 - 0x57e61000 	C:\Windows\system32\EhStorShell.dll
0x54af0000 - 0x54b60000 	C:\Windows\system32\ntshrui.dll
0x54020000 - 0x54039000 	C:\Windows\system32\srvcli.dll
0x6beb0000 - 0x6bebb000 	C:\Windows\system32\cscapi.dll
0x5e4c0000 - 0x5e4c6000 	C:\Windows\system32\IconCodecService.dll
0x69990000 - 0x699a2000 	C:\Windows\system32\MPR.dll
0x74af0000 - 0x74af8000 	C:\Windows\System32\drprov.dll
0x6d8c0000 - 0x6d8e9000 	C:\Windows\System32\WINSTA.dll
0x73390000 - 0x733a4000 	C:\Windows\System32\ntlanman.dll
0x680d0000 - 0x680e7000 	C:\Windows\System32\davclnt.dll
0x5f400000 - 0x5f408000 	C:\Windows\System32\DAVHLPR.dll
0x6d3c0000 - 0x6d3cf000 	C:\Windows\system32\wkscli.dll
0x6d3f0000 - 0x6d3f9000 	C:\Windows\system32\netutils.dll
0x54460000 - 0x54698000 	C:\Windows\system32\wpdshext.dll
0x673d0000 - 0x67560000 	C:\Windows\WinSxS\x86_microsoft.windows.gdiplus_6595b64144ccf1df_1.1.7601.17825_none_72d273598668a06b\gdiplus.dll
0x57e80000 - 0x57f09000 	C:\Windows\system32\PortableDeviceApi.dll
0x76920000 - 0x7694d000 	C:\Windows\syswow64\WINTRUST.dll
0x5f490000 - 0x5f4cf000 	C:\Windows\system32\audiodev.dll
0x55af0000 - 0x55d57000 	C:\Windows\system32\WMVCore.DLL
0x0f700000 - 0x0f73d000 	C:\Windows\system32\WMASF.DLL
0x0f740000 - 0x0f762000 	C:\Windows\system32\EhStorAPI.dll
0x0f770000 - 0x0f779000 	C:\Windows\system32\LINKINFO.dll
0x0fff0000 - 0x0fff6000 	C:\Program Files (x86)\Java\jdk1.6.0_37\jre\bin\jaas_nt.dll
0x6d850000 - 0x6d858000 	C:\Program Files (x86)\Java\jdk1.6.0_37\jre\bin\sunmscapi.dll
0x6d600000 - 0x6d609000 	C:\Program Files (x86)\Java\jdk1.6.0_37\jre\bin\management.dll
0x55e20000 - 0x55e6d000 	C:\Program Files (x86)\AgileClient\WorldWind RCP\modules\lib\jogl.dll
0x57d50000 - 0x57e18000 	C:\Windows\system32\OPENGL32.dll
0x54320000 - 0x54342000 	C:\Windows\system32\GLU32.dll
0x6ca60000 - 0x6cb47000 	C:\Windows\system32\DDRAW.dll
0x6ca40000 - 0x6ca46000 	C:\Windows\system32\DCIMAN32.dll
0x6d400000 - 0x6d406000 	C:\Program Files (x86)\Java\jdk1.6.0_37\jre\bin\jawt.dll
0x54720000 - 0x54725000 	C:\Program Files (x86)\AgileClient\WorldWind RCP\modules\lib\jogl_awt.dll
0x620b0000 - 0x62af7000 	C:\Windows\system32\nvoglv32.DLL

VM Arguments:
jvm_args: -Dnetbeans.logger.console=true -ea -Djdk.home=C:\Program Files (x86)\Java\jdk1.6.0_37 -splash:C:\Users\FITZPATRICK\Documents\NetBeansProjects\wired-widgets-cow-agile-client\cow-ac-suite\build\testuserdir\var\cache\splash.png -Dnetbeans.home=C:\Program Files (x86)\AgileClient\platform -Dnetbeans.user=C:\Users\FITZPATRICK\Documents\NetBeansProjects\wired-widgets-cow-agile-client\cow-ac-suite\build\testuserdir -XX:+HeapDumpOnOutOfMemoryError -XX:HeapDumpPath=C:\Users\FITZPATRICK\Documents\NetBeansProjects\wired-widgets-cow-agile-client\cow-ac-suite\build\testuserdir\var\log\heapdump.hprof -Dnetbeans.system_http_proxy=DIRECT -Dsun.awt.keepWorkingSetOnMinimize=true -Dnetbeans.dirs=C:\Users\FITZPATRICK\Documents\NetBeansProjects\wired-widgets-cow-agile-client\cow-ac-suite\build\cluster;C:\Program Files (x86)\AgileClient\agclt_agileclient;C:\Program Files (x86)\AgileClient\ide;C:\Program Files (x86)\AgileClient\platform;C:\Program Files (x86)\AgileClient\WorldWind RCP 
java_command: <unknown>
Launcher Type: generic

Environment Variables:
JAVA_HOME=C:\Program Files (x86)\Java\jdk1.6.0_37
PATH=C:\Program Files\Common Files\Microsoft Shared\Windows Live;C:\Program Files (x86)\Common Files\Microsoft Shared\Windows Live;C:\Program Files (x86)\PHP\;c:\Oracle\product64\11.2.0\client_1\bin;c:\Oracle\product\11.2.0\client_1\bin;C:\Windows\system32;C:\Windows;C:\Windows\System32\Wbem;C:\Windows\System32\WindowsPowerShell\v1.0\;C:\Windows;C:\Windows\System32;C:\Windows\System32\WBEM;C:\Program Files (x86)\Common Files\Roxio Shared\DLLShared\;C:\Program Files (x86)\Common Files\Roxio Shared\10.0\DLLShared\;C:\Program Files\Dell\DW WLAN Card;C:\Program Files\ActivIdentity\ActivClient\;C:\Program Files (x86)\ActivIdentity\ActivClient\;C:\Python27;C:\Program Files (x86)\PHP;C:\Program Files\PostgreSQL\9.1\bin;C:\Ant-1.8.1\apache-ant-1.8.1\bin;C:\Apache-Maven-3.0.2\bin;C:\Program Files\jEdit;C:\grails-1.3.7\bin;C:\Program Files (x86)\Java\jdk1.6.0_37\bin;C:\Program Files\TortoiseHg\;C:\Apache-Maven-3.0.4\bin;C:\Program Files (x86)\Windows Live\Shared;C:\Program Files (x86)\Enterprise Vault\EVClient\;C:\OpenSSL-Win64\bin;C:\Program Files\MySQL\MySQL Server 5.5\bin;C:\Program Files\TortoiseSVN\bin;"C:\Users\FITZPATRICK\Desktop\Capstone\ISF SSH";c:\cygwin\bin;c:\cygwin\usr\bin;C:\Program Files (x86)\Git\cmd;C:\Program Files (x86)\SSH Communications Security\SSH Secure Shell
USERNAME=FITZPATRICK
OS=Windows_NT
PROCESSOR_IDENTIFIER=Intel64 Family 6 Model 23 Stepping 10, GenuineIntel



---------------  S Y S T E M  ---------------

OS: Windows 7 , 64 bit Build 7601 Service Pack 1

CPU:total 2 (2 cores per cpu, 1 threads per core) family 6 model 23 stepping 10, cmov, cx8, fxsr, mmx, sse, sse2, sse3, ssse3, sse4.1

Memory: 4k page, physical 4181876k(193140k free), swap 8361900k(2828292k free)

vm_info: Java HotSpot(TM) Server VM (20.12-b01) for windows-x86 JRE (1.6.0_37-b06), built on Sep 24 2012 12:40:41 by "java_re" with MS VC++ 7.1 (VS2003)

time: Fri Dec 21 08:47:38 2012
elapsed time: 74 seconds

