#
# A fatal error has been detected by the Java Runtime Environment:
#
#  EXCEPTION_ACCESS_VIOLATION (0xc0000005) at pc=0x695dd80f, pid=8252, tid=8552
#
# JRE version: 6.0_37-b06
# Java VM: Java HotSpot(TM) Server VM (20.12-b01 mixed mode windows-x86 )
# Problematic frame:
# C  [nvoglv32.DLL+0xdd80f]
#
# If you would like to submit a bug report, please visit:
#   http://java.sun.com/webapps/bugreport/crash.jsp
# The crash happened outside the Java Virtual Machine in native code.
# See problematic frame for where to report the bug.
#

---------------  T H R E A D  ---------------

Current thread (0x0db12000):  JavaThread "AWT-EventQueue-1" [_thread_in_native, id=8552, stack(0x0f310000,0x0f510000)]

siginfo: ExceptionCode=0xc0000005, writing address 0x0092883c

Registers:
EAX=0x00008079, EBX=0x11d4b160, ECX=0x00000000, EDX=0x00002a24
ESP=0x0f50ec5c, EBP=0x0f50ec60, ESI=0x0091e740, EDI=0x00000018
EIP=0x695dd80f, EFLAGS=0x00010246

Top of Stack: (sp=0x0f50ec5c)
0x0f50ec5c:   69c2e050 0f50ec78 6992e8bb 00008079
0x0f50ec6c:   0db12000 11d4b160 11d4b160 0f50ec8c
0x0f50ec7c:   6992a282 00002a24 00000000 5d050004
0x0f50ec8c:   0f50eca0 695c5914 00002a24 00000000
0x0f50ec9c:   5d050004 0f50ecb8 0f997ccc 00002a24
0x0f50ecac:   00000000 5d050004 5d050004 0f50ed00
0x0f50ecbc:   0217a564 0db12128 0f50ed20 00002a24
0x0f50eccc:   00000000 0f50ed14 00000000 128b3340 

Instructions: (pc=0x695dd80f)
0x695dd7ef:   a0 00 00 ff 5e 5d c2 04 00 cc cc cc cc cc cc cc
0x695dd7ff:   cc 55 8b ec 56 64 a1 f0 0b 00 00 8b f0 8b 45 08
0x695dd80f:   83 86 fc a0 00 00 01 50 e8 94 11 26 00 83 86 fc
0x695dd81f:   a0 00 00 ff 5e 5d c2 04 00 cc cc cc cc cc cc cc 


Register to memory mapping:

EAX=0x00008079 is an unknown value
EBX=0x11d4b160 is an oop
{method} 
 - klass: {other class}
ECX=0x00000000 is an unknown value
EDX=0x00002a24 is an unknown value
ESP=0x0f50ec5c is pointing into the stack for thread: 0x0db12000
EBP=0x0f50ec60 is pointing into the stack for thread: 0x0db12000
ESI=0x0091e740 is an unknown value
EDI=0x00000018 is an unknown value


Stack: [0x0f310000,0x0f510000],  sp=0x0f50ec5c,  free space=2043k
Native frames: (J=compiled Java code, j=interpreted, Vv=VM code, C=native code)
C  [nvoglv32.DLL+0xdd80f]
C  [nvoglv32.DLL+0x42e8bb]
C  [nvoglv32.DLL+0x42a282]
C  [nvoglv32.DLL+0xc5914]
C  [jogl.dll+0x7ccc]  Java_com_sun_opengl_impl_GLImpl_glInterleavedArrays0__IILjava_lang_Object_2I+0x3c
j  com.sun.opengl.impl.GLImpl.glInterleavedArrays0(IILjava/lang/Object;I)V+0
j  com.sun.opengl.impl.GLImpl.glInterleavedArrays(IILjava/nio/Buffer;)V+28
j  gov.nasa.worldwind.layers.StarsLayer.doRender(Lgov/nasa/worldwind/render/DrawContext;)V+321
j  gov.nasa.worldwind.layers.AbstractLayer.render(Lgov/nasa/worldwind/render/DrawContext;)V+119
j  gov.nasa.worldwind.AbstractSceneController.draw(Lgov/nasa/worldwind/render/DrawContext;)V+51
j  gov.nasa.worldwind.AnaglyphSceneController.doRepaint(Lgov/nasa/worldwind/render/DrawContext;)V+103
j  gov.nasa.worldwind.AbstractSceneController.repaint()I+49
j  gov.nasa.worldwind.WorldWindowGLAutoDrawable.doDisplay()I+4
j  gov.nasa.worldwind.WorldWindowGLAutoDrawable.display(Ljavax/media/opengl/GLAutoDrawable;)V+111
j  com.sun.opengl.impl.GLDrawableHelper.display(Ljavax/media/opengl/GLAutoDrawable;)V+29
j  javax.media.opengl.GLCanvas$DisplayAction.run()V+80
j  com.sun.opengl.impl.GLDrawableHelper.invokeGL(Ljavax/media/opengl/GLDrawable;Ljavax/media/opengl/GLContext;Ljava/lang/Runnable;Ljava/lang/Runnable;)V+418
j  javax.media.opengl.GLCanvas.maybeDoSingleThreadedWorkaround(Ljava/lang/Runnable;Ljava/lang/Runnable;)V+36
j  javax.media.opengl.GLCanvas.display()V+9
j  javax.media.opengl.GLCanvas.paint(Ljava/awt/Graphics;)V+125
j  sun.awt.RepaintArea.paintComponent(Ljava/awt/Component;Ljava/awt/Graphics;)V+6
j  sun.awt.RepaintArea.paint(Ljava/lang/Object;Z)V+326
j  sun.awt.windows.WComponentPeer.handleEvent(Ljava/awt/AWTEvent;)V+107
j  java.awt.Component.dispatchEventImpl(Ljava/awt/AWTEvent;)V+861
j  java.awt.Component.dispatchEvent(Ljava/awt/AWTEvent;)V+2
j  java.awt.EventQueue.dispatchEventImpl(Ljava/awt/AWTEvent;Ljava/lang/Object;)V+41
j  java.awt.EventQueue.access$400(Ljava/awt/EventQueue;Ljava/awt/AWTEvent;Ljava/lang/Object;)V+3
j  java.awt.EventQueue$2.run()Ljava/lang/Void;+12
j  java.awt.EventQueue$2.run()Ljava/lang/Object;+1
v  ~StubRoutines::call_stub
V  [jvm.dll+0x10eccd]
V  [jvm.dll+0x1a6611]
V  [jvm.dll+0x10ed5d]
V  [jvm.dll+0xc70a4]
C  [java.dll+0x102f]  Java_java_security_AccessController_doPrivileged__Ljava_security_PrivilegedAction_2Ljava_security_AccessControlContext_2+0x17
j  java.security.AccessControlContext$1.doIntersectionPrivilege(Ljava/security/PrivilegedAction;Ljava/security/AccessControlContext;Ljava/security/AccessControlContext;)Ljava/lang/Object;+28
j  java.security.AccessControlContext$1.doIntersectionPrivilege(Ljava/security/PrivilegedAction;Ljava/security/AccessControlContext;)Ljava/lang/Object;+6
j  java.awt.EventQueue$3.run()Ljava/lang/Void;+11
j  java.awt.EventQueue$3.run()Ljava/lang/Object;+1
v  ~StubRoutines::call_stub
V  [jvm.dll+0x10eccd]
V  [jvm.dll+0x1a6611]
V  [jvm.dll+0x10ed5d]
V  [jvm.dll+0xc70a4]
C  [java.dll+0x102f]  Java_java_security_AccessController_doPrivileged__Ljava_security_PrivilegedAction_2Ljava_security_AccessControlContext_2+0x17
j  java.security.AccessControlContext$1.doIntersectionPrivilege(Ljava/security/PrivilegedAction;Ljava/security/AccessControlContext;Ljava/security/AccessControlContext;)Ljava/lang/Object;+28
j  java.awt.EventQueue.dispatchEvent(Ljava/awt/AWTEvent;)V+73
j  org.netbeans.core.TimableEventQueue.dispatchEvent(Ljava/awt/AWTEvent;)V+14
j  java.awt.EventDispatchThread.pumpOneEventForFilters(I)Z+204
j  java.awt.EventDispatchThread.pumpEventsForFilter(ILjava/awt/Conditional;Ljava/awt/EventFilter;)V+30
j  java.awt.EventDispatchThread.pumpEventsForHierarchy(ILjava/awt/Conditional;Ljava/awt/Component;)V+11
j  java.awt.EventDispatchThread.pumpEvents(ILjava/awt/Conditional;)V+4
j  java.awt.EventDispatchThread.pumpEvents(Ljava/awt/Conditional;)V+3
j  java.awt.EventDispatchThread.run()V+9
v  ~StubRoutines::call_stub
V  [jvm.dll+0x10eccd]
V  [jvm.dll+0x1a6611]
V  [jvm.dll+0x10ee81]
V  [jvm.dll+0x10eedb]
V  [jvm.dll+0xc0fb9]
V  [jvm.dll+0x12e654]
V  [jvm.dll+0x156e8c]
C  [MSVCR71.dll+0x9565]  endthreadex+0xa0
C  [kernel32.dll+0x133aa]  BaseThreadInitThunk+0x12
C  [ntdll.dll+0x39ef2]  RtlInitializeExceptionChain+0x63
C  [ntdll.dll+0x39ec5]  RtlInitializeExceptionChain+0x36

Java frames: (J=compiled Java code, j=interpreted, Vv=VM code)
j  com.sun.opengl.impl.GLImpl.glInterleavedArrays0(IILjava/lang/Object;I)V+0
j  com.sun.opengl.impl.GLImpl.glInterleavedArrays(IILjava/nio/Buffer;)V+28
j  gov.nasa.worldwind.layers.StarsLayer.doRender(Lgov/nasa/worldwind/render/DrawContext;)V+321
j  gov.nasa.worldwind.layers.AbstractLayer.render(Lgov/nasa/worldwind/render/DrawContext;)V+119
j  gov.nasa.worldwind.AbstractSceneController.draw(Lgov/nasa/worldwind/render/DrawContext;)V+51
j  gov.nasa.worldwind.AnaglyphSceneController.doRepaint(Lgov/nasa/worldwind/render/DrawContext;)V+103
j  gov.nasa.worldwind.AbstractSceneController.repaint()I+49
j  gov.nasa.worldwind.WorldWindowGLAutoDrawable.doDisplay()I+4
j  gov.nasa.worldwind.WorldWindowGLAutoDrawable.display(Ljavax/media/opengl/GLAutoDrawable;)V+111
j  com.sun.opengl.impl.GLDrawableHelper.display(Ljavax/media/opengl/GLAutoDrawable;)V+29
j  javax.media.opengl.GLCanvas$DisplayAction.run()V+80
j  com.sun.opengl.impl.GLDrawableHelper.invokeGL(Ljavax/media/opengl/GLDrawable;Ljavax/media/opengl/GLContext;Ljava/lang/Runnable;Ljava/lang/Runnable;)V+418
j  javax.media.opengl.GLCanvas.maybeDoSingleThreadedWorkaround(Ljava/lang/Runnable;Ljava/lang/Runnable;)V+36
j  javax.media.opengl.GLCanvas.display()V+9
j  javax.media.opengl.GLCanvas.paint(Ljava/awt/Graphics;)V+125
j  sun.awt.RepaintArea.paintComponent(Ljava/awt/Component;Ljava/awt/Graphics;)V+6
j  sun.awt.RepaintArea.paint(Ljava/lang/Object;Z)V+326
j  sun.awt.windows.WComponentPeer.handleEvent(Ljava/awt/AWTEvent;)V+107
j  java.awt.Component.dispatchEventImpl(Ljava/awt/AWTEvent;)V+861
j  java.awt.Component.dispatchEvent(Ljava/awt/AWTEvent;)V+2
j  java.awt.EventQueue.dispatchEventImpl(Ljava/awt/AWTEvent;Ljava/lang/Object;)V+41
j  java.awt.EventQueue.access$400(Ljava/awt/EventQueue;Ljava/awt/AWTEvent;Ljava/lang/Object;)V+3
j  java.awt.EventQueue$2.run()Ljava/lang/Void;+12
j  java.awt.EventQueue$2.run()Ljava/lang/Object;+1
v  ~StubRoutines::call_stub
j  java.security.AccessController.doPrivileged(Ljava/security/PrivilegedAction;Ljava/security/AccessControlContext;)Ljava/lang/Object;+0
j  java.security.AccessControlContext$1.doIntersectionPrivilege(Ljava/security/PrivilegedAction;Ljava/security/AccessControlContext;Ljava/security/AccessControlContext;)Ljava/lang/Object;+28
j  java.security.AccessControlContext$1.doIntersectionPrivilege(Ljava/security/PrivilegedAction;Ljava/security/AccessControlContext;)Ljava/lang/Object;+6
j  java.awt.EventQueue$3.run()Ljava/lang/Void;+11
j  java.awt.EventQueue$3.run()Ljava/lang/Object;+1
v  ~StubRoutines::call_stub
j  java.security.AccessController.doPrivileged(Ljava/security/PrivilegedAction;Ljava/security/AccessControlContext;)Ljava/lang/Object;+0
j  java.security.AccessControlContext$1.doIntersectionPrivilege(Ljava/security/PrivilegedAction;Ljava/security/AccessControlContext;Ljava/security/AccessControlContext;)Ljava/lang/Object;+28
j  java.awt.EventQueue.dispatchEvent(Ljava/awt/AWTEvent;)V+73
j  org.netbeans.core.TimableEventQueue.dispatchEvent(Ljava/awt/AWTEvent;)V+14
j  java.awt.EventDispatchThread.pumpOneEventForFilters(I)Z+204
j  java.awt.EventDispatchThread.pumpEventsForFilter(ILjava/awt/Conditional;Ljava/awt/EventFilter;)V+30
j  java.awt.EventDispatchThread.pumpEventsForHierarchy(ILjava/awt/Conditional;Ljava/awt/Component;)V+11
j  java.awt.EventDispatchThread.pumpEvents(ILjava/awt/Conditional;)V+4
j  java.awt.EventDispatchThread.pumpEvents(Ljava/awt/Conditional;)V+3
j  java.awt.EventDispatchThread.run()V+9
v  ~StubRoutines::call_stub

---------------  P R O C E S S  ---------------

Java Threads: ( => current thread )
  0x082cc400 JavaThread "Inactive RequestProcessor thread [Was:Folder recognizer/org.openide.loaders.FolderList$ListTask]" daemon [_thread_blocked, id=8532, stack(0x5f950000,0x5fb50000)]
  0x082cb800 JavaThread "pool-2-thread-6" [_thread_blocked, id=10252, stack(0x5ed50000,0x5ef50000)]
  0x0db18400 JavaThread "pool-2-thread-5" [_thread_blocked, id=1900, stack(0x5c310000,0x5c510000)]
  0x082cb000 JavaThread "Idle World Wind Task " daemon [_thread_blocked, id=7248, stack(0x5e950000,0x5eb50000)]
  0x082ca400 JavaThread "Idle World Wind Task " daemon [_thread_blocked, id=4672, stack(0x5e550000,0x5e750000)]
  0x082cac00 JavaThread "Idle World Wind Task " daemon [_thread_blocked, id=9196, stack(0x5e750000,0x5e950000)]
  0x0db18800 JavaThread "Idle World Wind Task " daemon [_thread_blocked, id=2712, stack(0x5e350000,0x5e550000)]
  0x0db17c00 JavaThread "pool-2-thread-4" [_thread_blocked, id=8792, stack(0x57530000,0x57730000)]
  0x0db17800 JavaThread "pool-2-thread-3" [_thread_blocked, id=9812, stack(0x0d2a0000,0x0d4a0000)]
  0x0db17000 JavaThread "pool-2-thread-2" [_thread_blocked, id=11020, stack(0x0d060000,0x0d260000)]
  0x0db16c00 JavaThread "ElevationModel Resource Retriever Earth Elevation Model (USA 10m, WordWide 30m, Ocean 900m)" daemon [_thread_blocked, id=8368, stack(0x0ce20000,0x0d020000)]
  0x0db16400 JavaThread "Layer Resource Retriever i-cubed Landsat" daemon [_thread_blocked, id=10512, stack(0x0c700000,0x0c900000)]
  0x0db15c00 JavaThread "Idle World Wind Retriever" daemon [_thread_blocked, id=8788, stack(0x0c500000,0x0c700000)]
  0x0db15800 JavaThread "Layer Resource Retriever Blue Marble (WMS) 2004" daemon [_thread_blocked, id=9656, stack(0x0c300000,0x0c500000)]
  0x0db15000 JavaThread "Idle World Wind Retriever" daemon [_thread_blocked, id=8556, stack(0x0c0c0000,0x0c2c0000)]
  0x0db14c00 JavaThread "ElevationModel Resource Retriever Earth Elevation Model (USA 10m, WordWide 30m, Ocean 900m)" daemon [_thread_blocked, id=5428, stack(0x0be80000,0x0c080000)]
  0x0db12c00 JavaThread "Flushing caches" [_thread_blocked, id=8840, stack(0x0f550000,0x0f750000)]
  0x0db11800 JavaThread "TimerQueue" daemon [_thread_blocked, id=9680, stack(0x0bad0000,0x0bcd0000)]
=>0x0db12000 JavaThread "AWT-EventQueue-1" [_thread_in_native, id=8552, stack(0x0f310000,0x0f510000)]
  0x0db14000 JavaThread "Thread-5" daemon [_thread_blocked, id=8496, stack(0x56160000,0x56360000)]
  0x0db13800 JavaThread "pool-2-thread-1" [_thread_blocked, id=868, stack(0x55d30000,0x55f30000)]
  0x0db13000 JavaThread "Swing-Shell" daemon [_thread_blocked, id=7640, stack(0x0fc10000,0x0fe10000)]
  0x0db11400 JavaThread "Inactive RequestProcessor thread [Was:TimedSoftReference/org.openide.util.TimedSoftReference]" daemon [_thread_blocked, id=9996, stack(0x0e100000,0x0e300000)]
  0x08066000 JavaThread "D3D Screen Updater" daemon [_thread_blocked, id=7056, stack(0x0d570000,0x0d770000)]
  0x066de800 JavaThread "AWT-Windows" daemon [_thread_in_native, id=2420, stack(0x094b0000,0x096b0000)]
  0x08050400 JavaThread "AWT-Shutdown" [_thread_blocked, id=10520, stack(0x092b0000,0x094b0000)]
  0x06653000 JavaThread "Logging Flush" daemon [_thread_in_native, id=10144, stack(0x090b0000,0x092b0000)]
  0x06652800 JavaThread "Java2D Disposer" daemon [_thread_blocked, id=8604, stack(0x08eb0000,0x090b0000)]
  0x06648800 JavaThread "Inactive RequestProcessor thread [Was:Default RequestProcessor/org.netbeans.core.WarmUpSupport]" daemon [_thread_blocked, id=10136, stack(0x079e0000,0x07be0000)]
  0x06648400 JavaThread "CLI Requests Server" daemon [_thread_in_native, id=7316, stack(0x077e0000,0x079e0000)]
  0x06575800 JavaThread "Active Reference Queue Daemon" daemon [_thread_blocked, id=8328, stack(0x07270000,0x07470000)]
  0x06574800 JavaThread "Timer-0" daemon [_thread_blocked, id=4956, stack(0x07030000,0x07230000)]
  0x06509c00 JavaThread "Low Memory Detector" daemon [_thread_blocked, id=10852, stack(0x06bb0000,0x06db0000)]
  0x06504800 JavaThread "C2 CompilerThread1" daemon [_thread_blocked, id=8948, stack(0x06970000,0x06b70000)]
  0x01e27400 JavaThread "C2 CompilerThread0" daemon [_thread_blocked, id=10468, stack(0x06730000,0x06930000)]
  0x01e26000 JavaThread "Attach Listener" daemon [_thread_blocked, id=10304, stack(0x062f0000,0x064f0000)]
  0x01e25000 JavaThread "Signal Dispatcher" daemon [_thread_blocked, id=8516, stack(0x060b0000,0x062b0000)]
  0x01df6c00 JavaThread "Finalizer" daemon [_thread_blocked, id=10816, stack(0x05e70000,0x06070000)]
  0x01df0800 JavaThread "Reference Handler" daemon [_thread_blocked, id=7552, stack(0x05c30000,0x05e30000)]
  0x01e9a400 JavaThread "main" [_thread_blocked, id=10480, stack(0x00090000,0x00290000)]

Other Threads:
  0x01decc00 VMThread [stack: 0x059f0000,0x05bf0000] [id=10812]
  0x0651a800 WatcherThread [stack: 0x06df0000,0x06ff0000] [id=10672]

VM state:not at safepoint (normal execution)

VM Mutex/Monitor currently owned by a thread: None

Heap
 PSYoungGen      total 219520K, used 104871K [0x3e9b0000, 0x53e50000, 0x53e50000)
  eden space 204224K, 51% used [0x3e9b0000,0x45019dd8,0x4b120000)
  from space 15296K, 0% used [0x4b120000,0x4b120000,0x4c010000)
  to   space 24384K, 0% used [0x52680000,0x52680000,0x53e50000)
 PSOldGen        total 78656K, used 44351K [0x14050000, 0x18d20000, 0x3e9b0000)
  object space 78656K, 56% used [0x14050000,0x16b9fef8,0x18d20000)
 PSPermGen       total 65536K, used 51427K [0x10050000, 0x14050000, 0x14050000)
  object space 65536K, 78% used [0x10050000,0x13288cb0,0x14050000)

Code Cache  [0x02170000, 0x023b0000, 0x05170000)
 total_blobs=1137 nmethods=716 adapters=373 free_code_cache=48073344 largest_free_block=9344

Dynamic libraries:
0x00400000 - 0x00427000 	C:\Program Files (x86)\AgileClient\platform\lib\nbexec.exe
0x77a30000 - 0x77bb0000 	C:\Windows\SysWOW64\ntdll.dll
0x77060000 - 0x77170000 	C:\Windows\syswow64\kernel32.dll
0x76ef0000 - 0x76f37000 	C:\Windows\syswow64\KERNELBASE.dll
0x768f0000 - 0x7699c000 	C:\Windows\syswow64\msvcrt.dll
0x77310000 - 0x773b0000 	C:\Windows\syswow64\ADVAPI32.DLL
0x774f0000 - 0x77509000 	C:\Windows\SysWOW64\sechost.dll
0x76800000 - 0x768f0000 	C:\Windows\syswow64\RPCRT4.dll
0x75590000 - 0x755f0000 	C:\Windows\syswow64\SspiCli.dll
0x75580000 - 0x7558c000 	C:\Windows\syswow64\CRYPTBASE.dll
0x76b40000 - 0x76c40000 	C:\Windows\syswow64\USER32.dll
0x775a0000 - 0x77630000 	C:\Windows\syswow64\GDI32.dll
0x75870000 - 0x7587a000 	C:\Windows\syswow64\LPK.dll
0x769a0000 - 0x76a3d000 	C:\Windows\syswow64\USP10.dll
0x75750000 - 0x757b0000 	C:\Windows\system32\IMM32.DLL
0x76c50000 - 0x76d1c000 	C:\Windows\syswow64\MSCTF.dll
0x10000000 - 0x10042000 	C:\Program Files (x86)\AgileClient\platform\lib\nbexec.dll
0x74530000 - 0x7457c000 	C:\Windows\system32\apphelp.dll
0x6db90000 - 0x6dfe9000 	C:\Program Files (x86)\Java\jdk1.6.0_37\jre\bin\server\jvm.dll
0x6ea00000 - 0x6ea32000 	C:\Windows\system32\WINMM.dll
0x7c340000 - 0x7c396000 	C:\Program Files (x86)\Java\jdk1.6.0_37\jre\bin\MSVCR71.dll
0x6d870000 - 0x6d87c000 	C:\Program Files (x86)\Java\jdk1.6.0_37\jre\bin\verify.dll
0x6d3d0000 - 0x6d3ef000 	C:\Program Files (x86)\Java\jdk1.6.0_37\jre\bin\java.dll
0x6d8b0000 - 0x6d8bf000 	C:\Program Files (x86)\Java\jdk1.6.0_37\jre\bin\zip.dll
0x6d6b0000 - 0x6d6c3000 	C:\Program Files (x86)\Java\jdk1.6.0_37\jre\bin\net.dll
0x77210000 - 0x77245000 	C:\Windows\syswow64\WS2_32.dll
0x76760000 - 0x76766000 	C:\Windows\syswow64\NSI.dll
0x74400000 - 0x7443c000 	C:\Windows\system32\mswsock.dll
0x741e0000 - 0x741e6000 	C:\Windows\System32\wship6.dll
0x74950000 - 0x7496c000 	C:\Windows\system32\iphlpapi.dll
0x74940000 - 0x74947000 	C:\Windows\system32\WINNSI.DLL
0x73b70000 - 0x73b7d000 	C:\Windows\system32\dhcpcsvc6.DLL
0x73b50000 - 0x73b62000 	C:\Windows\system32\dhcpcsvc.DLL
0x743f0000 - 0x743f5000 	C:\Windows\System32\wshtcpip.dll
0x74730000 - 0x74746000 	C:\Windows\system32\CRYPTSP.dll
0x746a0000 - 0x746db000 	C:\Windows\system32\rsaenh.dll
0x745e0000 - 0x745f7000 	C:\Windows\system32\USERENV.dll
0x745d0000 - 0x745db000 	C:\Windows\system32\profapi.dll
0x71f30000 - 0x71f40000 	C:\Windows\system32\NLAapi.dll
0x71f20000 - 0x71f30000 	C:\Windows\system32\napinsp.dll
0x71f00000 - 0x71f12000 	C:\Windows\system32\pnrpnsp.dll
0x73fc0000 - 0x74004000 	C:\Windows\system32\DNSAPI.dll
0x71ef0000 - 0x71ef8000 	C:\Windows\System32\winrnr.dll
0x71ec0000 - 0x71ee7000 	C:\Program Files (x86)\Common Files\Microsoft Shared\Windows Live\WLIDNSP.DLL
0x76c40000 - 0x76c45000 	C:\Windows\syswow64\PSAPI.DLL
0x757b0000 - 0x75807000 	C:\Windows\syswow64\SHLWAPI.dll
0x71eb0000 - 0x71eb6000 	C:\Windows\system32\rasadhlp.dll
0x73f80000 - 0x73fb8000 	C:\Windows\System32\fwpuclnt.dll
0x6d0b0000 - 0x6d1fc000 	C:\Program Files (x86)\Java\jdk1.6.0_37\jre\bin\awt.dll
0x73270000 - 0x732c1000 	C:\Windows\system32\WINSPOOL.DRV
0x755f0000 - 0x7574c000 	C:\Windows\syswow64\ole32.dll
0x73e30000 - 0x73eb4000 	C:\Windows\WinSxS\x86_microsoft.windows.common-controls_6595b64144ccf1df_5.82.7601.17514_none_ec83dffa859149af\COMCTL32.dll
0x6ae00000 - 0x6ae13000 	C:\Windows\system32\DWMAPI.DLL
0x6ae20000 - 0x6aea0000 	C:\Windows\system32\uxtheme.dll
0x6d2e0000 - 0x6d32f000 	C:\Program Files (x86)\Java\jdk1.6.0_37\jre\bin\fontmanager.dll
0x655c0000 - 0x65783000 	C:\Windows\system32\d3d9.dll
0x74720000 - 0x74729000 	C:\Windows\system32\VERSION.dll
0x655b0000 - 0x655b6000 	C:\Windows\system32\d3d8thk.dll
0x5c540000 - 0x5ccbc000 	C:\Windows\system32\nvd3dum.dll
0x75150000 - 0x75175000 	C:\Windows\system32\powrprof.dll
0x76d50000 - 0x76eed000 	C:\Windows\syswow64\SETUPAPI.dll
0x76d20000 - 0x76d47000 	C:\Windows\syswow64\CFGMGR32.dll
0x76770000 - 0x767ff000 	C:\Windows\syswow64\OLEAUT32.dll
0x771a0000 - 0x771b2000 	C:\Windows\syswow64\DEVOBJ.dll
0x6d6d0000 - 0x6d6d9000 	C:\Program Files (x86)\Java\jdk1.6.0_37\jre\bin\nio.dll
0x75b10000 - 0x7675a000 	C:\Windows\system32\shell32.dll
0x74010000 - 0x741ae000 	C:\Windows\WinSxS\x86_microsoft.windows.common-controls_6595b64144ccf1df_6.0.7601.17514_none_41e6975e2bd6f2b2\comctl32.dll
0x77510000 - 0x77593000 	C:\Windows\syswow64\CLBCatQ.DLL
0x63a20000 - 0x63b15000 	C:\Windows\system32\propsys.dll
0x746f0000 - 0x74711000 	C:\Windows\system32\ntmarta.dll
0x771c0000 - 0x77205000 	C:\Windows\syswow64\WLDAP32.dll
0x54050000 - 0x541e8000 	C:\Windows\system32\NetworkExplorer.dll
0x5c2e0000 - 0x5c30e000 	C:\Windows\System32\shdocvw.dll
0x6e4b0000 - 0x6e4ba000 	C:\Windows\system32\slc.dll
0x5de50000 - 0x5df4b000 	C:\Windows\system32\WindowsCodecs.dll
0x5bd30000 - 0x5bd42000 	C:\Program Files (x86)\Common Files\TortoiseOverlays\TortoiseOverlays.dll
0x6a5a0000 - 0x6a5ad000 	C:\Program Files\TortoiseSVN\bin\TortoiseStub32.dll
0x543a0000 - 0x5440b000 	C:\Program Files\TortoiseSVN\bin\TortoiseSVN32.dll
0x76a40000 - 0x76b35000 	C:\Windows\syswow64\WININET.dll
0x773b0000 - 0x774e7000 	C:\Windows\syswow64\urlmon.dll
0x76f40000 - 0x7705d000 	C:\Windows\syswow64\CRYPT32.dll
0x75b00000 - 0x75b0c000 	C:\Windows\syswow64\MSASN1.dll
0x75900000 - 0x75afe000 	C:\Windows\syswow64\iertutil.dll
0x54580000 - 0x54870000 	C:\Program Files\TortoiseSVN\bin\libsvn_tsvn32.dll
0x5bd00000 - 0x5bd24000 	C:\Program Files\TortoiseSVN\bin\libapr_tsvn32.dll
0x77f40000 - 0x77fff000 	C:\Windows\system32\MSVCR100.dll
0x5b970000 - 0x5b9a6000 	C:\Program Files\TortoiseSVN\bin\libaprutil_tsvn32.dll
0x5ddb0000 - 0x5ddbd000 	C:\Program Files\TortoiseSVN\bin\intl3_tsvn32.dll
0x54450000 - 0x54463000 	C:\Program Files\TortoiseSVN\bin\libsasl32.dll
0x746e0000 - 0x746e8000 	C:\Windows\system32\Secur32.dll
0x77ed0000 - 0x77f39000 	C:\Windows\system32\MSVCP100.dll
0x77e90000 - 0x77ec1000 	C:\Windows\system32\EhStorShell.dll
0x6e4c0000 - 0x6e530000 	C:\Windows\system32\ntshrui.dll
0x544c0000 - 0x544d9000 	C:\Windows\system32\srvcli.dll
0x6db50000 - 0x6db5b000 	C:\Windows\system32\cscapi.dll
0x5b960000 - 0x5b966000 	C:\Windows\system32\IconCodecService.dll
0x6a750000 - 0x6a762000 	C:\Windows\system32\MPR.dll
0x75200000 - 0x75208000 	C:\Windows\System32\drprov.dll
0x6e150000 - 0x6e179000 	C:\Windows\System32\WINSTA.dll
0x5b9e0000 - 0x5b9f4000 	C:\Windows\System32\ntlanman.dll
0x64cc0000 - 0x64cd7000 	C:\Windows\System32\davclnt.dll
0x64cb0000 - 0x64cb8000 	C:\Windows\System32\DAVHLPR.dll
0x54d60000 - 0x54d6f000 	C:\Windows\system32\wkscli.dll
0x54d70000 - 0x54d79000 	C:\Windows\system32\netutils.dll
0x55790000 - 0x559c8000 	C:\Windows\system32\wpdshext.dll
0x64350000 - 0x644e0000 	C:\Windows\WinSxS\x86_microsoft.windows.gdiplus_6595b64144ccf1df_1.1.7601.17825_none_72d273598668a06b\gdiplus.dll
0x77bf0000 - 0x77c79000 	C:\Windows\system32\PortableDeviceApi.dll
0x77170000 - 0x7719d000 	C:\Windows\syswow64\WINTRUST.dll
0x559d0000 - 0x55a0f000 	C:\Windows\system32\audiodev.dll
0x55a10000 - 0x55c77000 	C:\Windows\system32\WMVCore.DLL
0x55c80000 - 0x55cbd000 	C:\Windows\system32\WMASF.DLL
0x5b9b0000 - 0x5b9d2000 	C:\Windows\system32\EhStorAPI.dll
0x6e530000 - 0x6e539000 	C:\Windows\system32\LINKINFO.dll
0x6d3c0000 - 0x6d3c6000 	C:\Program Files (x86)\Java\jdk1.6.0_37\jre\bin\jaas_nt.dll
0x0f990000 - 0x0f9dd000 	C:\Program Files (x86)\AgileClient\WorldWind RCP\modules\lib\jogl.dll
0x0f9e0000 - 0x0faa8000 	C:\Windows\system32\OPENGL32.dll
0x0fab0000 - 0x0fad2000 	C:\Windows\system32\GLU32.dll
0x657a0000 - 0x65887000 	C:\Windows\system32\DDRAW.dll
0x65790000 - 0x65796000 	C:\Windows\system32\DCIMAN32.dll
0x6d400000 - 0x6d406000 	C:\Program Files (x86)\Java\jdk1.6.0_37\jre\bin\jawt.dll
0x0bd60000 - 0x0bd65000 	C:\Program Files (x86)\AgileClient\WorldWind RCP\modules\lib\jogl_awt.dll
0x69500000 - 0x69f47000 	C:\Windows\system32\nvoglv32.DLL
0x6d600000 - 0x6d609000 	C:\Program Files (x86)\Java\jdk1.6.0_37\jre\bin\management.dll

VM Arguments:
jvm_args: -Dnetbeans.logger.console=true -ea -Djdk.home=C:\Program Files (x86)\Java\jdk1.6.0_37 -splash:C:\Users\FITZPATRICK\Documents\NetBeansProjects\wired-widgets-cow-agile-client\cow-ac-suite\build\testuserdir\var\cache\splash.png -Dnetbeans.home=C:\Program Files (x86)\AgileClient\platform -Dnetbeans.user=C:\Users\FITZPATRICK\Documents\NetBeansProjects\wired-widgets-cow-agile-client\cow-ac-suite\build\testuserdir -XX:+HeapDumpOnOutOfMemoryError -XX:HeapDumpPath=C:\Users\FITZPATRICK\Documents\NetBeansProjects\wired-widgets-cow-agile-client\cow-ac-suite\build\testuserdir\var\log\heapdump.hprof -Dnetbeans.system_http_proxy=DIRECT -Dsun.awt.keepWorkingSetOnMinimize=true -Dnetbeans.dirs=C:\Users\FITZPATRICK\Documents\NetBeansProjects\wired-widgets-cow-agile-client\cow-ac-suite\build\cluster;C:\Program Files (x86)\AgileClient\agclt_agileclient;C:\Program Files (x86)\AgileClient\ide;C:\Program Files (x86)\AgileClient\platform;C:\Program Files (x86)\AgileClient\WorldWind RCP 
java_command: <unknown>
Launcher Type: generic

Environment Variables:
JAVA_HOME=C:\Program Files (x86)\Java\jdk1.6.0_37
PATH=C:\Program Files\Common Files\Microsoft Shared\Windows Live;C:\Program Files (x86)\Common Files\Microsoft Shared\Windows Live;C:\Program Files (x86)\PHP\;c:\Oracle\product64\11.2.0\client_1\bin;c:\Oracle\product\11.2.0\client_1\bin;C:\Windows\system32;C:\Windows;C:\Windows\System32\Wbem;C:\Windows\System32\WindowsPowerShell\v1.0\;C:\Windows;C:\Windows\System32;C:\Windows\System32\WBEM;C:\Program Files (x86)\Common Files\Roxio Shared\DLLShared\;C:\Program Files (x86)\Common Files\Roxio Shared\10.0\DLLShared\;C:\Program Files\Dell\DW WLAN Card;C:\Program Files\ActivIdentity\ActivClient\;C:\Program Files (x86)\ActivIdentity\ActivClient\;C:\Python27;C:\Program Files (x86)\PHP;C:\Program Files\PostgreSQL\9.1\bin;C:\Ant-1.8.1\apache-ant-1.8.1\bin;C:\Apache-Maven-3.0.2\bin;C:\Program Files\jEdit;C:\grails-1.3.7\bin;C:\Program Files (x86)\Java\jdk1.6.0_37\bin;C:\Program Files\TortoiseHg\;C:\Apache-Maven-3.0.4\bin;C:\Program Files (x86)\Windows Live\Shared;C:\Program Files (x86)\Enterprise Vault\EVClient\;C:\OpenSSL-Win64\bin;C:\Program Files\MySQL\MySQL Server 5.5\bin;C:\Program Files\TortoiseSVN\bin;"C:\Users\FITZPATRICK\Desktop\Capstone\ISF SSH";c:\cygwin\bin;c:\cygwin\usr\bin;C:\Program Files (x86)\Git\cmd;C:\Program Files (x86)\SSH Communications Security\SSH Secure Shell
USERNAME=FITZPATRICK
OS=Windows_NT
PROCESSOR_IDENTIFIER=Intel64 Family 6 Model 23 Stepping 10, GenuineIntel



---------------  S Y S T E M  ---------------

OS: Windows 7 , 64 bit Build 7601 Service Pack 1

CPU:total 2 (2 cores per cpu, 1 threads per core) family 6 model 23 stepping 10, cmov, cx8, fxsr, mmx, sse, sse2, sse3, ssse3, sse4.1

Memory: 4k page, physical 4181876k(269212k free), swap 8361900k(4224392k free)

vm_info: Java HotSpot(TM) Server VM (20.12-b01) for windows-x86 JRE (1.6.0_37-b06), built on Sep 24 2012 12:40:41 by "java_re" with MS VC++ 7.1 (VS2003)

time: Mon Dec 17 10:29:24 2012
elapsed time: 38 seconds

